<?xml version="1.0" encoding="UTF-8"?>
<testsuite xmlns:xsi="http://www.w3.org/2001/XMLSchema-instance" xsi:noNamespaceSchemaLocation="https://maven.apache.org/surefire/maven-surefire-plugin/xsd/surefire-test-report-3.0.xsd" version="3.0" name="com.cy.store.StoreApplicationTests" time="8.094" tests="2" errors="0" skipped="0" failures="0">
  <properties>
[...]
</properties>
  <testcase name="getConnection" classname="com.cy.store.StoreApplicationTests" time="4.427">
    <system-out><![CDATA[13:35:51.493 [main] DEBUG org.springframework.test.context.BootstrapUtils - Instantiating CacheAwareContextLoaderDelegate from class [org.springframework.test.context.cache.DefaultCacheAwareContextLoaderDelegate]
13:35:51.505 [main] DEBUG org.springframework.test.context.BootstrapUtils - Instantiating BootstrapContext using constructor [public org.springframework.test.context.support.DefaultBootstrapContext(java.lang.Class,org.springframework.test.context.CacheAwareContextLoaderDelegate)]
13:35:51.551 [main] DEBUG org.springframework.test.context.BootstrapUtils - Instantiating TestContextBootstrapper for test class [com.cy.store.StoreApplicationTests] from class [org.springframework.boot.test.context.SpringBootTestContextBootstrapper]
13:35:51.574 [main] INFO org.springframework.boot.test.context.SpringBootTestContextBootstrapper - Neither @ContextConfiguration nor @ContextHierarchy found for test class [com.cy.store.StoreApplicationTests], using SpringBootContextLoader
13:35:51.579 [main] DEBUG org.springframework.test.context.support.AbstractContextLoader - Did not detect default resource location for test class [com.cy.store.StoreApplicationTests]: class path resource [com/cy/store/StoreApplicationTests-context.xml] does not exist
13:35:51.579 [main] DEBUG org.springframework.test.context.support.AbstractContextLoader - Did not detect default resource location for test class [com.cy.store.StoreApplicationTests]: class path resource [com/cy/store/StoreApplicationTestsContext.groovy] does not exist
13:35:51.580 [main] INFO org.springframework.test.context.support.AbstractContextLoader - Could not detect default resource locations for test class [com.cy.store.StoreApplicationTests]: no resource found for suffixes {-context.xml, Context.groovy}.
13:35:51.582 [main] INFO org.springframework.test.context.support.AnnotationConfigContextLoaderUtils - Could not detect default configuration classes for test class [com.cy.store.StoreApplicationTests]: StoreApplicationTests does not declare any static, non-private, non-final, nested classes annotated with @Configuration.
13:35:51.658 [main] DEBUG org.springframework.test.context.support.ActiveProfilesUtils - Could not find an 'annotation declaring class' for annotation type [org.springframework.test.context.ActiveProfiles] and class [com.cy.store.StoreApplicationTests]
13:35:51.777 [main] DEBUG org.springframework.context.annotation.ClassPathScanningCandidateComponentProvider - Identified candidate component class: file [E:\Project\store\target\classes\com\cy\store\StoreApplication.class]
13:35:51.778 [main] INFO org.springframework.boot.test.context.SpringBootTestContextBootstrapper - Found @SpringBootConfiguration com.cy.store.StoreApplication for test class com.cy.store.StoreApplicationTests
13:35:51.937 [main] DEBUG org.springframework.boot.test.context.SpringBootTestContextBootstrapper - @TestExecutionListeners is not present for class [com.cy.store.StoreApplicationTests]: using defaults.
13:35:51.938 [main] INFO org.springframework.boot.test.context.SpringBootTestContextBootstrapper - Loaded default TestExecutionListener class names from location [META-INF/spring.factories]: [org.springframework.boot.test.mock.mockito.MockitoTestExecutionListener, org.springframework.boot.test.mock.mockito.ResetMocksTestExecutionListener, org.springframework.boot.test.autoconfigure.restdocs.RestDocsTestExecutionListener, org.springframework.boot.test.autoconfigure.web.client.MockRestServiceServerResetTestExecutionListener, org.springframework.boot.test.autoconfigure.web.servlet.MockMvcPrintOnlyOnFailureTestExecutionListener, org.springframework.boot.test.autoconfigure.web.servlet.WebDriverTestExecutionListener, org.springframework.boot.test.autoconfigure.webservices.client.MockWebServiceServerTestExecutionListener, org.springframework.test.context.web.ServletTestExecutionListener, org.springframework.test.context.support.DirtiesContextBeforeModesTestExecutionListener, org.springframework.test.context.event.ApplicationEventsTestExecutionListener, org.springframework.test.context.support.DependencyInjectionTestExecutionListener, org.springframework.test.context.support.DirtiesContextTestExecutionListener, org.springframework.test.context.transaction.TransactionalTestExecutionListener, org.springframework.test.context.jdbc.SqlScriptsTestExecutionListener, org.springframework.test.context.event.EventPublishingTestExecutionListener]
13:35:51.968 [main] INFO org.springframework.boot.test.context.SpringBootTestContextBootstrapper - Using TestExecutionListeners: [org.springframework.test.context.web.ServletTestExecutionListener@784b990c, org.springframework.test.context.support.DirtiesContextBeforeModesTestExecutionListener@3d3ba765, org.springframework.test.context.event.ApplicationEventsTestExecutionListener@25bc0606, org.springframework.boot.test.mock.mockito.MockitoTestExecutionListener@5d1659ea, org.springframework.boot.test.autoconfigure.SpringBootDependencyInjectionTestExecutionListener@793138bd, org.springframework.test.context.support.DirtiesContextTestExecutionListener@1951b871, org.springframework.test.context.transaction.TransactionalTestExecutionListener@5c18016b, org.springframework.test.context.jdbc.SqlScriptsTestExecutionListener@33aeca0b, org.springframework.test.context.event.EventPublishingTestExecutionListener@43aaf813, org.springframework.boot.test.mock.mockito.ResetMocksTestExecutionListener@57ac5227, org.springframework.boot.test.autoconfigure.restdocs.RestDocsTestExecutionListener@4ba302e0, org.springframework.boot.test.autoconfigure.web.client.MockRestServiceServerResetTestExecutionListener@e98770d, org.springframework.boot.test.autoconfigure.web.servlet.MockMvcPrintOnlyOnFailureTestExecutionListener@1ae67cad, org.springframework.boot.test.autoconfigure.web.servlet.WebDriverTestExecutionListener@2f6e28bc, org.springframework.boot.test.autoconfigure.webservices.client.MockWebServiceServerTestExecutionListener@7c098bb3]
13:35:51.975 [main] DEBUG org.springframework.test.context.support.AbstractDirtiesContextTestExecutionListener - Before test class: context [DefaultTestContext@625abb97 testClass = StoreApplicationTests, testInstance = [null], testMethod = [null], testException = [null], mergedContextConfiguration = [WebMergedContextConfiguration@5b1f29fa testClass = StoreApplicationTests, locations = '{}', classes = '{class com.cy.store.StoreApplication}', contextInitializerClasses = '[]', activeProfiles = '{}', propertySourceLocations = '{}', propertySourceProperties = '{org.springframework.boot.test.context.SpringBootTestContextBootstrapper=true}', contextCustomizers = set[org.springframework.boot.test.context.filter.ExcludeFilterContextCustomizer@27912e3, org.springframework.boot.test.json.DuplicateJsonObjectContextCustomizerFactory$DuplicateJsonObjectContextCustomizer@19b89d4, org.springframework.boot.test.mock.mockito.MockitoContextCustomizer@0, org.springframework.boot.test.web.client.TestRestTemplateContextCustomizer@44be0077, org.springframework.boot.test.autoconfigure.actuate.metrics.MetricsExportContextCustomizerFactory$DisableMetricExportContextCustomizer@7d94beb9, org.springframework.boot.test.autoconfigure.properties.PropertyMappingContextCustomizer@0, org.springframework.boot.test.autoconfigure.web.servlet.WebDriverContextCustomizerFactory$Customizer@651aed93, org.springframework.boot.test.context.SpringBootTestArgs@1, org.springframework.boot.test.context.SpringBootTestWebEnvironment@384ad17b], resourceBasePath = 'src/main/webapp', contextLoader = 'org.springframework.boot.test.context.SpringBootContextLoader', parent = [null]], attributes = map['org.springframework.test.context.web.ServletTestExecutionListener.activateListener' -> true]], class annotated with @DirtiesContext [false] with mode [null].

  .   ____          _            __ _ _
 /\\ / ___'_ __ _ _(_)_ __  __ _ \ \ \ \
( ( )\___ | '_ | '_| | '_ \/ _` | \ \ \ \
 \\/  ___)| |_)| | | | | || (_| |  ) ) ) )
  '  |____| .__|_| |_|_| |_\__, | / / / /
 =========|_|==============|___/=/_/_/_/
 :: Spring Boot ::               (v2.6.13)

2025-06-04 13:35:52.354  INFO 14700 --- [           main] com.cy.store.StoreApplicationTests       : Starting StoreApplicationTests using Java 1.8.0_451 on DESKTOP-SG67MIC with PID 14700 (started by Dell in E:\Project\store)
2025-06-04 13:35:52.355  INFO 14700 --- [           main] com.cy.store.StoreApplicationTests       : No active profile set, falling back to 1 default profile: "default"
2025-06-04 13:35:54.654  INFO 14700 --- [           main] o.s.b.a.w.s.WelcomePageHandlerMapping    : Adding welcome page: class path resource [static/index.html]
2025-06-04 13:35:55.034  INFO 14700 --- [           main] com.cy.store.StoreApplicationTests       : Started StoreApplicationTests in 3.011 seconds (JVM running for 4.419)
2025-06-04 13:35:55.411  INFO 14700 --- [           main] com.zaxxer.hikari.HikariDataSource       : HikariPool-1 - Starting...
2025-06-04 13:35:59.476  INFO 14700 --- [           main] com.zaxxer.hikari.HikariDataSource       : HikariPool-1 - Start completed.
HikariProxyConnection@433767126 wrapping com.mysql.cj.jdbc.ConnectionImpl@7e2bc2f4
]]></system-out>
  </testcase>
  <testcase name="contextLoads" classname="com.cy.store.StoreApplicationTests" time="0.004"/>
</testsuite>